# JRE version: OpenJDK Runtime Environment (11.0.11+9) (build 11.0.11+9-b60-7590822)
# Java VM: OpenJDK 64-Bit Server VM (11.0.11+9-b60-7590822, mixed mode, tiered, compressed oops, g1 gc, windows-amd64)
Heap:
 garbage-first heap   total 155648K, used 61416K [0x0000000080000000, 0x0000000100000000)
  region size 1024K, 35 young (35840K), 3 survivors (3072K)
 Metaspace       used 47290K, capacity 48474K, committed 48716K, reserved 1091584K
  class space    used 6031K, capacity 6471K, committed 6528K, reserved 1048576K
GC Heap History (18 events):
Event: 0.776 GC heap before
{Heap before GC invocations=0 (full 0):
 garbage-first heap   total 129024K, used 19456K [0x0000000080000000, 0x0000000100000000)
  region size 1024K, 14 young (14336K), 0 survivors (0K)
 Metaspace       used 6736K, capacity 6925K, committed 7168K, reserved 1056768K
  class space    used 582K, capacity 650K, committed 768K, reserved 1048576K
}
Event: 0.785 GC heap after
{Heap after GC invocations=1 (full 0):
 garbage-first heap   total 129024K, used 8005K [0x0000000080000000, 0x0000000100000000)
  region size 1024K, 2 young (2048K), 2 survivors (2048K)
 Metaspace       used 6736K, capacity 6925K, committed 7168K, reserved 1056768K
  class space    used 582K, capacity 650K, committed 768K, reserved 1048576K
}
Event: 1.336 GC heap before
{Heap before GC invocations=1 (full 0):
 garbage-first heap   total 129024K, used 18245K [0x0000000080000000, 0x0000000100000000)
  region size 1024K, 12 young (12288K), 2 survivors (2048K)
 Metaspace       used 9861K, capacity 10118K, committed 10368K, reserved 1058816K
  class space    used 1027K, capacity 1102K, committed 1152K, reserved 1048576K
}
Event: 1.340 GC heap after
{Heap after GC invocations=2 (full 0):
 garbage-first heap   total 129024K, used 9536K [0x0000000080000000, 0x0000000100000000)
  region size 1024K, 2 young (2048K), 2 survivors (2048K)
 Metaspace       used 9861K, capacity 10118K, committed 10368K, reserved 1058816K
  class space    used 1027K, capacity 1102K, committed 1152K, reserved 1048576K
}
Event: 1.981 GC heap before
{Heap before GC invocations=2 (full 0):
 garbage-first heap   total 129024K, used 37184K [0x0000000080000000, 0x0000000100000000)
  region size 1024K, 29 young (29696K), 2 survivors (2048K)
 Metaspace       used 10837K, capacity 11009K, committed 11264K, reserved 1058816K
  class space    used 1131K, capacity 1207K, committed 1280K, reserved 1048576K
}
Event: 1.986 GC heap after
{Heap after GC invocations=3 (full 0):
 garbage-first heap   total 129024K, used 12023K [0x0000000080000000, 0x0000000100000000)
  region size 1024K, 3 young (3072K), 3 survivors (3072K)
 Metaspace       used 10837K, capacity 11009K, committed 11264K, reserved 1058816K
  class space    used 1131K, capacity 1207K, committed 1280K, reserved 1048576K
}
Event: 7.193 GC heap before
{Heap before GC invocations=3 (full 0):
 garbage-first heap   total 129024K, used 78583K [0x0000000080000000, 0x0000000100000000)
  region size 1024K, 69 young (70656K), 3 survivors (3072K)
 Metaspace       used 20099K, capacity 20549K, committed 20864K, reserved 1067008K
  class space    used 2461K, capacity 2623K, committed 2688K, reserved 1048576K
}
Event: 7.228 GC heap after
{Heap after GC invocations=4 (full 0):
 garbage-first heap   total 129024K, used 16989K [0x0000000080000000, 0x0000000100000000)
  region size 1024K, 9 young (9216K), 9 survivors (9216K)
 Metaspace       used 20099K, capacity 20549K, committed 20864K, reserved 1067008K
  class space    used 2461K, capacity 2623K, committed 2688K, reserved 1048576K
}
Event: 7.841 GC heap before
{Heap before GC invocations=4 (full 0):
 garbage-first heap   total 129024K, used 21085K [0x0000000080000000, 0x0000000100000000)
  region size 1024K, 14 young (14336K), 9 survivors (9216K)
 Metaspace       used 20659K, capacity 21076K, committed 21248K, reserved 1067008K
  class space    used 2538K, capacity 2692K, committed 2816K, reserved 1048576K
}
Event: 7.855 GC heap after
{Heap after GC invocations=5 (full 0):
 garbage-first heap   total 129024K, used 17611K [0x0000000080000000, 0x0000000100000000)
  region size 1024K, 1 young (1024K), 1 survivors (1024K)
 Metaspace       used 20659K, capacity 21076K, committed 21248K, reserved 1067008K
  class space    used 2538K, capacity 2692K, committed 2816K, reserved 1048576K
}
Event: 10.111 GC heap before
{Heap before GC invocations=6 (full 0):
 garbage-first heap   total 129024K, used 77003K [0x0000000080000000, 0x0000000100000000)
  region size 1024K, 60 young (61440K), 1 survivors (1024K)
 Metaspace       used 26487K, capacity 27109K, committed 27264K, reserved 1073152K
  class space    used 3484K, capacity 3689K, committed 3712K, reserved 1048576K
}
Event: 10.116 GC heap after
{Heap after GC invocations=7 (full 0):
 garbage-first heap   total 129024K, used 19151K [0x0000000080000000, 0x0000000100000000)
  region size 1024K, 3 young (3072K), 3 survivors (3072K)
 Metaspace       used 26487K, capacity 27109K, committed 27264K, reserved 1073152K
  class space    used 3484K, capacity 3689K, committed 3712K, reserved 1048576K
}
Event: 11.810 GC heap before
{Heap before GC invocations=7 (full 0):
 garbage-first heap   total 129024K, used 72399K [0x0000000080000000, 0x0000000100000000)
  region size 1024K, 56 young (57344K), 3 survivors (3072K)
 Metaspace       used 34999K, capacity 35790K, committed 35840K, reserved 1081344K
  class space    used 4557K, capacity 4863K, committed 4864K, reserved 1048576K
}
Event: 11.821 GC heap after
{Heap after GC invocations=8 (full 0):
 garbage-first heap   total 129024K, used 22649K [0x0000000080000000, 0x0000000100000000)
  region size 1024K, 6 young (6144K), 6 survivors (6144K)
 Metaspace       used 34999K, capacity 35790K, committed 35840K, reserved 1081344K
  class space    used 4557K, capacity 4863K, committed 4864K, reserved 1048576K
}
Event: 15.972 GC heap before
{Heap before GC invocations=9 (full 0):
 garbage-first heap   total 129024K, used 90233K [0x0000000080000000, 0x0000000100000000)
  region size 1024K, 70 young (71680K), 6 survivors (6144K)
 Metaspace       used 40143K, capacity 41092K, committed 41292K, reserved 1085440K
  class space    used 5137K, capacity 5496K, committed 5504K, reserved 1048576K
}
Event: 16.003 GC heap after
{Heap after GC invocations=10 (full 0):
 garbage-first heap   total 129024K, used 27768K [0x0000000080000000, 0x0000000100000000)
  region size 1024K, 9 young (9216K), 9 survivors (9216K)
 Metaspace       used 40143K, capacity 41092K, committed 41292K, reserved 1085440K
  class space    used 5137K, capacity 5496K, committed 5504K, reserved 1048576K
}
Event: 23.507 GC heap before
{Heap before GC invocations=10 (full 0):
 garbage-first heap   total 129024K, used 91256K [0x0000000080000000, 0x0000000100000000)
  region size 1024K, 71 young (72704K), 9 survivors (9216K)
 Metaspace       used 45056K, capacity 46138K, committed 46412K, reserved 1089536K
  class space    used 5782K, capacity 6146K, committed 6272K, reserved 1048576K
}
Event: 23.553 GC heap after
{Heap after GC invocations=11 (full 0):
 garbage-first heap   total 155648K, used 29672K [0x0000000080000000, 0x0000000100000000)
  region size 1024K, 3 young (3072K), 3 survivors (3072K)
 Metaspace       used 45056K, capacity 46138K, committed 46412K, reserved 1089536K
  class space    used 5782K, capacity 6146K, committed 6272K, reserved 1048576K
}

